<?xml version="1.0" encoding="UTF-8"?>
<!-- Generated by org.testng.reporters.JUnitReportReporter -->
<testsuite hostname="LAPTOP-1I0UICJP" failures="0" tests="1" name="com.orangeHRM.TestCases.LoginTestDemo" time="5.484" errors="0" timestamp="2022-01-07T12:20:34 PST" skipped="0">
  <testcase classname="com.orangeHRM.TestCases.LoginTestDemo" name="logIn" time="5.484"/>
  <system-out/>
</testsuite> <!-- com.orangeHRM.TestCases.LoginTestDemo -->
