<?xml version="1.0" encoding="UTF-8"?>
<!-- Generated by org.testng.reporters.JUnitReportReporter -->
<testsuite hostname="LAPTOP-1I0UICJP" failures="0" tests="1" name="com.orangeHRM.TestCases.TC_Login_001" time="2.369" errors="0" timestamp="2022-01-07T14:20:08 PST" skipped="0">
  <testcase classname="com.orangeHRM.TestCases.TC_Login_001" name="login" time="2.369"/>
  <system-out/>
</testsuite> <!-- com.orangeHRM.TestCases.TC_Login_001 -->
