<?xml version="1.0" encoding="UTF-8"?>
<!-- Generated by org.testng.reporters.JUnitReportReporter -->
<testsuite hostname="LAPTOP-1I0UICJP" failures="0" tests="1" name="com.orangeHRM.TestCases.TC_Login_001" time="2.433" errors="0" timestamp="2022-01-07T15:10:18 PST" skipped="0">
  <testcase classname="com.orangeHRM.TestCases.TC_Login_001" name="login" time="2.433"/>
  <system-out/>
</testsuite> <!-- com.orangeHRM.TestCases.TC_Login_001 -->
